<?xml version="1.0" encoding="UTF-8"?>
<!-- Generated by org.testng.reporters.JUnitXMLReporter -->
<testsuite ignored="2" hostname="Rincy" failures="2" tests="2" name="Test" time="13.712" errors="0" timestamp="2025-08-13T10:57:49 EDT">
  <testcase classname="testscript.LoginTest" name="verifyValidPassword" time="2.13">
    <failure type="java.lang.AssertionError" message="Error message expected [7rmarrt] but found [7rmart supermarket]">
      <![CDATA[java.lang.AssertionError: Error message expected [7rmarrt] but found [7rmart supermarket]
at testscript.LoginTest.verifyValidPassword(LoginTest.java:51)
at java.base/java.util.ArrayList.forEach(ArrayList.java:1511)
... Removed 32 stack frames]]>
    </failure>
  </testcase> <!-- verifyValidPassword -->
  <testcase classname="testscript.LoginTest" name="verifyValidUsername" time="1.143">
    <failure type="java.lang.AssertionError" message="Error message expected [7rmaart] but found [7rmart supermarket]">
      <![CDATA[java.lang.AssertionError: Error message expected [7rmaart] but found [7rmart supermarket]
at testscript.LoginTest.verifyValidUsername(LoginTest.java:70)
at java.base/java.util.ArrayList.forEach(ArrayList.java:1511)
... Removed 32 stack frames]]>
    </failure>
  </testcase> <!-- verifyValidUsername -->
  <testcase classname="testscript.LoginTest" name="verifyValidCredentials" time="0.0">
    <ignored/>
  </testcase> <!-- verifyValidCredentials -->
  <testcase classname="testscript.LoginTest" name="verifyInValidCredentials" time="0.0">
    <ignored/>
  </testcase> <!-- verifyInValidCredentials -->
</testsuite> <!-- Test -->
